loaded 100 brands
resuming — 0 brands scored, 0 calls used
hard cap: 166 calls. budget remaining: 166

[1/100] ✓ Pipedrive: AI Overview (6967 chars), brand mentioned (2/166)
[2/100] ✓ Close: AI Overview (8012 chars), brand mentioned (4/166)
[3/100] ! Attio: fetch error — Google hasn't returned any results for this query.
[4/100] ✓ Apollo.io: AI Overview (7779 chars), brand mentioned (8/166)
[5/100] · Salesflare: AI Overview (8961 chars), brand not mentioned (10/166)
[6/100] ✓ Copper: AI Overview (4321 chars), brand mentioned (12/166)
[7/100] · Nutshell: AI Overview (5812 chars), brand not mentioned (14/166)
[8/100] · LeadIQ: no AI Overview triggered (15/166)
[9/100] ! Folk: fetch error — Google hasn't returned any results for this query.
[10/100] · Amplemarket: AI Overview (9304 chars), brand not mentioned (19/166)
[11/100] ✓ Mixpanel: AI Overview (9164 chars), brand mentioned (21/166)
[12/100] ! Amplitude: fetch error — Google hasn't returned any results for this query.
[13/100] · PostHog: no AI Overview triggered (24/166)
[14/100] ✓ Pendo: AI Overview (8110 chars), brand mentioned (26/166)
[15/100] · June.so: AI Overview (7155 chars), brand not mentioned (28/166)
[16/100] ✓ Metabase: AI Overview (10094 chars), brand mentioned (30/166)
[17/100] ✓ Plausible: AI Overview (4650 chars), brand mentioned (32/166)
[18/100] · Klipfolio: AI Overview (8151 chars), brand not mentioned (34/166)
[19/100] ✓ Supermetrics: AI Overview (7783 chars), brand mentioned (36/166)
[20/100] ✓ FullStory: AI Overview (7749 chars), brand mentioned (38/166)
[21/100] ✓ Retool: AI Overview (8612 chars), brand mentioned (40/166)
[22/100] ✓ Linear: AI Overview (5991 chars), brand mentioned (42/166)
[23/100] · Sentry: AI Overview (3687 chars), brand not mentioned (44/166)
[24/100] ! Vercel: fetch error — Google hasn't returned any results for this query.
[25/100] · Render: AI Overview (8587 chars), brand not mentioned (48/166)
[26/100] · Planetscale: AI Overview (11673 chars), brand not mentioned (50/166)
[27/100] · Neon: AI Overview (7917 chars), brand not mentioned (52/166)
[28/100] ✓ Doppler: AI Overview (11301 chars), brand mentioned (54/166)
[29/100] · Checkly: AI Overview (6616 chars), brand not mentioned (56/166)
[30/100] ✓ Raycast: AI Overview (7117 chars), brand mentioned (58/166)
[31/100] ! Rippling: fetch error — Google hasn't returned any results for this query.
[32/100] ✓ Lattice: AI Overview (14846 chars), brand mentioned (62/166)
[33/100] ✓ HiBob: AI Overview (10441 chars), brand mentioned (64/166)
[34/100] ✓ Personio: AI Overview (8355 chars), brand mentioned (66/166)
[35/100] · Leapsome: AI Overview (10052 chars), brand not mentioned (68/166)
[36/100] ✓ Ashby: AI Overview (7609 chars), brand mentioned (70/166)
[37/100] · Teamtailor: AI Overview (8591 chars), brand not mentioned (72/166)
[38/100] · Charlie HR: AI Overview (7597 chars), brand not mentioned (74/166)
[39/100] ✓ Workable: AI Overview (10262 chars), brand mentioned (76/166)
[40/100] · Humaans: AI Overview (7700 chars), brand not mentioned (78/166)
[41/100] ✓ Chargebee: AI Overview (4726 chars), brand mentioned (80/166)
[42/100] ! Maxio: fetch error — Google hasn't returned any results for this query.
[43/100] ✓ ChartMogul: AI Overview (8528 chars), brand mentioned (84/166)
[44/100] ✓ Baremetrics: AI Overview (7916 chars), brand mentioned (86/166)
[45/100] ✓ Paddle: AI Overview (7892 chars), brand mentioned (88/166)
[46/100] · Pilot: AI Overview (4723 chars), brand not mentioned (90/166)
[47/100] ✓ Numeric: AI Overview (6629 chars), brand mentioned (92/166)
[48/100] ✓ Finaloop: AI Overview (10547 chars), brand mentioned (94/166)
[49/100] · Mosaic: AI Overview (10417 chars), brand not mentioned (96/166)
[50/100] ✓ Rho: AI Overview (8332 chars), brand mentioned (98/166)
[51/100] ✓ Customer.io: AI Overview (6266 chars), brand mentioned (100/166)
[52/100] ✓ Lemlist: AI Overview (7614 chars), brand mentioned (102/166)
[53/100] ✓ Instantly: AI Overview (5492 chars), brand mentioned (104/166)
[54/100] · Reply.io: AI Overview (10329 chars), brand not mentioned (106/166)
[55/100] ✓ ActiveCampaign: AI Overview (7511 chars), brand mentioned (108/166)
[56/100] ✓ Brevo: AI Overview (7720 chars), brand mentioned (110/166)
[57/100] · Encharge: AI Overview (9134 chars), brand not mentioned (112/166)
[58/100] · Userlist: AI Overview (8180 chars), brand not mentioned (114/166)
